FD:\myProgram\pythonProgram\miaopaiTest
D:\myProgram\pythonProgram\miaopaiTest
D:\myProgram\pythonProgram\miaopaiTest
D:\myProgram\pythonProgram\miaopaiTest
D:\myProgram\pythonProgram\miaopaiTest
************************** MPdetailPage test **************************
start test_check_like test ...  
Initialize
...........
double click
end ... 

======================================================================
FAIL: test_check_like (MPdetailPage.MPdetailPage)
----------------------------------------------------------------------
Traceback (most recent call last):
  File "D:\myProgram\pythonProgram\miaopaiTest\MPTestCases\detailPage\MPdetailPage.py", line 91, in test_check_like
    self.assertEquals(nickName,self.driver.find_element_by_id('com.yixia.videoeditor:id/nickname').text)
AssertionError: u'yiixia2384l0r' != u'\u5609\u4f34ronk'
- yiixia2384l0r
+ \u5609\u4f34ronk


----------------------------------------------------------------------
Ran 1 test in 143.990s

FAILED (failures=1)
